<?xml version="1.0" encoding="UTF-8"?>
<testng-results skipped="0" failed="0" ignored="0" total="4" passed="4">
  <reporter-output>
  </reporter-output>
  <suite name="Gmail Suite" duration-ms="73914" started-at="2020-02-13T17:34:59 IST" finished-at="2020-02-13T17:36:13 IST">
    <groups>
    </groups>
    <test name="email_correct_password_wrong" duration-ms="13525" started-at="2020-02-13T17:34:59 IST" finished-at="2020-02-13T17:35:13 IST">
      <class name="TestCases.email_correct_password_wrong">
        <test-method status="PASS" signature="setup()[pri:0, instance:TestCases.email_correct_password_wrong@1f7030a6]" name="setup" is-config="true" duration-ms="4614" started-at="2020-02-13T17:34:59 IST" finished-at="2020-02-13T17:35:04 IST">
          <reporter-output>
          </reporter-output>
        </test-method> <!-- setup -->
        <test-method status="PASS" signature="testcase()[pri:0, instance:TestCases.email_correct_password_wrong@1f7030a6]" name="testcase" duration-ms="7494" started-at="2020-02-13T17:35:04 IST" finished-at="2020-02-13T17:35:11 IST">
          <reporter-output>
          </reporter-output>
        </test-method> <!-- testcase -->
        <test-method status="PASS" signature="testdown()[pri:0, instance:TestCases.email_correct_password_wrong@1f7030a6]" name="testdown" is-config="true" duration-ms="1354" started-at="2020-02-13T17:35:11 IST" finished-at="2020-02-13T17:35:13 IST">
          <reporter-output>
          </reporter-output>
        </test-method> <!-- testdown -->
      </class> <!-- TestCases.email_correct_password_wrong -->
    </test> <!-- email_correct_password_wrong -->
    <test name="email_password_equal" duration-ms="32699" started-at="2020-02-13T17:35:13 IST" finished-at="2020-02-13T17:35:46 IST">
      <class name="TestCases.email_password_equal">
        <test-method status="PASS" signature="setup()[pri:0, instance:TestCases.email_password_equal@5faeada1]" name="setup" is-config="true" duration-ms="5413" started-at="2020-02-13T17:35:13 IST" finished-at="2020-02-13T17:35:18 IST">
          <reporter-output>
          </reporter-output>
        </test-method> <!-- setup -->
        <test-method status="PASS" signature="testcase()[pri:0, instance:TestCases.email_password_equal@5faeada1]" name="testcase" duration-ms="26265" started-at="2020-02-13T17:35:18 IST" finished-at="2020-02-13T17:35:45 IST">
          <reporter-output>
          </reporter-output>
        </test-method> <!-- testcase -->
        <test-method status="PASS" signature="testdown()[pri:0, instance:TestCases.email_password_equal@5faeada1]" name="testdown" is-config="true" duration-ms="1008" started-at="2020-02-13T17:35:45 IST" finished-at="2020-02-13T17:35:46 IST">
          <reporter-output>
          </reporter-output>
        </test-method> <!-- testdown -->
      </class> <!-- TestCases.email_password_equal -->
    </test> <!-- email_password_equal -->
    <test name="no_email_password" duration-ms="13409" started-at="2020-02-13T17:35:46 IST" finished-at="2020-02-13T17:35:59 IST">
      <class name="TestCases.no_email_password">
        <test-method status="PASS" signature="setup()[pri:0, instance:TestCases.no_email_password@52feb982]" name="setup" is-config="true" duration-ms="5790" started-at="2020-02-13T17:35:46 IST" finished-at="2020-02-13T17:35:51 IST">
          <reporter-output>
          </reporter-output>
        </test-method> <!-- setup -->
        <test-method status="PASS" signature="testcase()[pri:0, instance:TestCases.no_email_password@52feb982]" name="testcase" duration-ms="6140" started-at="2020-02-13T17:35:51 IST" finished-at="2020-02-13T17:35:58 IST">
          <reporter-output>
          </reporter-output>
        </test-method> <!-- testcase -->
        <test-method status="PASS" signature="testdown()[pri:0, instance:TestCases.no_email_password@52feb982]" name="testdown" is-config="true" duration-ms="1473" started-at="2020-02-13T17:35:58 IST" finished-at="2020-02-13T17:35:59 IST">
          <reporter-output>
          </reporter-output>
        </test-method> <!-- testdown -->
      </class> <!-- TestCases.no_email_password -->
    </test> <!-- no_email_password -->
    <test name="email_wrong_password_correct" duration-ms="14149" started-at="2020-02-13T17:35:59 IST" finished-at="2020-02-13T17:36:13 IST">
      <class name="TestCases.email_wrong_password_correct">
        <test-method status="PASS" signature="setup()[pri:0, instance:TestCases.email_wrong_password_correct@80503]" name="setup" is-config="true" duration-ms="5463" started-at="2020-02-13T17:35:59 IST" finished-at="2020-02-13T17:36:05 IST">
          <reporter-output>
          </reporter-output>
        </test-method> <!-- setup -->
        <test-method status="PASS" signature="testcase()[pri:0, instance:TestCases.email_wrong_password_correct@80503]" name="testcase" duration-ms="7817" started-at="2020-02-13T17:36:05 IST" finished-at="2020-02-13T17:36:12 IST">
          <reporter-output>
          </reporter-output>
        </test-method> <!-- testcase -->
        <test-method status="PASS" signature="testdown()[pri:0, instance:TestCases.email_wrong_password_correct@80503]" name="testdown" is-config="true" duration-ms="865" started-at="2020-02-13T17:36:12 IST" finished-at="2020-02-13T17:36:13 IST">
          <reporter-output>
          </reporter-output>
        </test-method> <!-- testdown -->
      </class> <!-- TestCases.email_wrong_password_correct -->
    </test> <!-- email_wrong_password_correct -->
  </suite> <!-- Gmail Suite -->
</testng-results>
