<?xml version="1.0" encoding="UTF-8"?>
<!-- Generated by org.testng.reporters.JUnitXMLReporter -->
<testsuite hostname="DESKTOP-3NCLSE7" ignored="0" name="TestSuites" tests="4" failures="0" timestamp="2020-02-13T16:05:09 IST" time="82.035" errors="0">
  <testcase name="testcase" time="7.913" classname="TestCases.email_correct_password_wrong"/>
  <testcase name="testcase" time="31.57" classname="TestCases.email_password_equal"/>
  <testcase name="testcase" time="6.595" classname="TestCases.no_email_password"/>
  <testcase name="testcase" time="7.965" classname="TestCases.email_wrong_password_correct"/>
</testsuite> <!-- TestSuites -->
